<?xml version="1.0" encoding="UTF-8"?>
<!-- Generated by org.testng.reporters.JUnitReportReporter -->
<testsuite hostname="Pooja-17125" failures="0" tests="3" name="PriorityDemo.TestNGDependencyDemo" time="0.039" errors="0" timestamp="09 Apr 2020 16:22:55 GMT" skipped="0">
  <testcase classname="PriorityDemo.TestNGDependencyDemo" name="test3" time="0.002"/>
  <testcase classname="PriorityDemo.TestNGDependencyDemo" name="test2" time="0.035"/>
  <testcase classname="PriorityDemo.TestNGDependencyDemo" name="test1" time="0.002"/>
</testsuite> <!-- PriorityDemo.TestNGDependencyDemo -->
