<?xml version="1.0" encoding="UTF-8"?>
<!-- Generated by org.testng.reporters.JUnitReportReporter -->
<testsuite hostname="Pooja-17125" failures="0" tests="5" name="PriorityDemo.TestNGGroupsDemo" time="0.032" errors="0" timestamp="09 Apr 2020 16:25:46 GMT" skipped="0">
  <testcase classname="PriorityDemo.TestNGGroupsDemo" name="test4" time="0.003"/>
  <testcase classname="PriorityDemo.TestNGGroupsDemo" name="test1" time="0.019"/>
  <testcase classname="PriorityDemo.TestNGGroupsDemo" name="test2" time="0.006"/>
  <testcase classname="PriorityDemo.TestNGGroupsDemo" name="test3" time="0.002"/>
  <testcase classname="PriorityDemo.TestNGGroupsDemo" name="test5" time="0.002"/>
</testsuite> <!-- PriorityDemo.TestNGGroupsDemo -->
