<?xml version="1.0" encoding="UTF-8"?>
<!-- Generated by org.testng.reporters.JUnitReportReporter -->
<testsuite hostname="Pooja-17125" failures="0" tests="3" name="listeners.TestNGlistenersDemo2" time="0.018" errors="0" timestamp="03 Apr 2020 07:50:15 GMT" skipped="1">
  <testcase classname="listeners.TestNGlistenersDemo2" name="test5" time="0.002">
    <skipped/>
  </testcase> <!-- test5 -->
  <testcase classname="listeners.TestNGlistenersDemo2" name="test6" time="0.002"/>
  <testcase classname="listeners.TestNGlistenersDemo2" name="test4" time="0.014"/>
</testsuite> <!-- listeners.TestNGlistenersDemo2 -->
