<?xml version="1.0" encoding="UTF-8"?>
<!-- Generated by org.testng.reporters.JUnitReportReporter -->
<testsuite hostname="Pooja-17125" failures="0" tests="1" name="PriorityDemo.TestNGParametersDemo" time="0.014" errors="0" timestamp="09 Apr 2020 16:26:46 GMT" skipped="0">
  <testcase classname="PriorityDemo.TestNGParametersDemo" name="test" time="0.014"/>
</testsuite> <!-- PriorityDemo.TestNGParametersDemo -->
