<?xml version="1.0" encoding="UTF-8"?>
<!-- Generated by org.testng.reporters.JUnitReportReporter -->
<testsuite skipped="1" hostname="Pooja-17125" name="listeners.TestNGlistenersDemo2" tests="3" failures="0" timestamp="28 Apr 2020 07:12:34 GMT" time="0.012" errors="0">
  <testcase name="test6" time="0.004" classname="listeners.TestNGlistenersDemo2"/>
  <testcase name="test4" time="0.002" classname="listeners.TestNGlistenersDemo2"/>
  <testcase name="test5" time="0.006" classname="listeners.TestNGlistenersDemo2">
    <skipped/>
  </testcase> <!-- test5 -->
</testsuite> <!-- listeners.TestNGlistenersDemo2 -->
