<?xml version="1.0" encoding="UTF-8"?>
<!-- Generated by org.testng.reporters.JUnitReportReporter -->
<testsuite hostname="Pooja-17125" failures="0" tests="3" name="PriorityDemo.TestNGPriorityDemo" time="0.024" errors="0" timestamp="09 Apr 2020 16:27:41 GMT" skipped="0">
  <testcase classname="PriorityDemo.TestNGPriorityDemo" name="Test3" time="0.017"/>
  <testcase classname="PriorityDemo.TestNGPriorityDemo" name="Test2" time="0.005"/>
  <testcase classname="PriorityDemo.TestNGPriorityDemo" name="Test1" time="0.002"/>
</testsuite> <!-- PriorityDemo.TestNGPriorityDemo -->
