<?xml version="1.0" encoding="UTF-8"?>
<!-- Generated by org.testng.reporters.JUnitReportReporter -->
<testsuite hostname="Pooja-17125" failures="0" tests="2" name="test.ExtentReportDemoWithTestNG" time="4.138" errors="0" timestamp="31 Mar 2020 08:46:45 GMT" skipped="0">
  <testcase classname="test.ExtentReportDemoWithTestNG" name="test2" time="0.002"/>
  <testcase classname="test.ExtentReportDemoWithTestNG" name="test1" time="4.136"/>
</testsuite> <!-- test.ExtentReportDemoWithTestNG -->
