<?xml version="1.0" encoding="UTF-8"?>
<!-- Generated by org.testng.reporters.JUnitReportReporter -->
<testsuite hostname="Pooja-17125" failures="0" tests="1" name="PriorityDemo.TestNGParametersDemo" time="0.028" errors="0" timestamp="03 Apr 2020 12:14:33 GMT" skipped="0">
  <testcase classname="PriorityDemo.TestNGParametersDemo" name="test" time="0.028"/>
</testsuite> <!-- PriorityDemo.TestNGParametersDemo -->
