<?xml version="1.0" encoding="UTF-8"?>
<!-- Generated by org.testng.reporters.JUnitReportReporter -->
<testsuite hostname="Pooja-17125" failures="0" tests="1" name="test.TestNG_Demo2" time="7.953" errors="0" timestamp="31 Mar 2020 08:55:00 GMT" skipped="0">
  <testcase classname="test.TestNG_Demo2" name="googleSearch" time="7.953"/>
</testsuite> <!-- test.TestNG_Demo2 -->
