<?xml version="1.0" encoding="UTF-8"?>
<!-- Generated by org.testng.reporters.JUnitReportReporter -->
<testsuite skipped="0" hostname="Pooja-17125" name="PriorityDemo.TestNGDependencyDemo" tests="3" failures="0" timestamp="27 Apr 2020 08:09:16 GMT" time="0.032" errors="0">
  <testcase name="test1" time="0.003" classname="PriorityDemo.TestNGDependencyDemo"/>
  <testcase name="test2" time="0.026" classname="PriorityDemo.TestNGDependencyDemo"/>
  <testcase name="test3" time="0.003" classname="PriorityDemo.TestNGDependencyDemo"/>
</testsuite> <!-- PriorityDemo.TestNGDependencyDemo -->
