<?xml version="1.0" encoding="UTF-8"?>
<!-- Generated by org.testng.reporters.JUnitReportReporter -->
<testsuite hostname="Pooja-17125" failures="0" tests="3" name="PriorityDemo.TestNGignoreDemo" time="0.023" errors="0" timestamp="04 Apr 2020 07:13:02 GMT" skipped="1">
  <testcase classname="PriorityDemo.TestNGignoreDemo" name="test2" time="0.021"/>
  <testcase classname="PriorityDemo.TestNGignoreDemo" name="test3" time="0.002"/>
  <testcase classname="PriorityDemo.TestNGignoreDemo" name="test1">
    <skipped/>
  </testcase> <!-- test1 -->
</testsuite> <!-- PriorityDemo.TestNGignoreDemo -->
